<feed xmlns="http://www.w3.org/2005/Atom"
      xmlns:batch="http://schemas.google.com/gdata/batch"
      xmlns:gs="http://schemas.google.com/spreadsheets/2006">
    <id>https://spreadsheets.google.com/feeds/cells/key/0/private/full</id>
                                                        <entry>
                <batch:id>R1C1</batch:id>
                <batch:operation type="update"/>
                <id>https://spreadsheets.google.com/feeds/cells/key/0/private/full/R1C1</id>
                <link rel="edit" type="application/atom+xml"
                      href="https://spreadsheets.google.com/feeds/cells/key/0/private/full/R1C1/version"/>
                <gs:cell row="1" col="1" inputValue="id"/>
            </entry>
                                            <entry>
                <batch:id>R1C2</batch:id>
                <batch:operation type="update"/>
                <id>https://spreadsheets.google.com/feeds/cells/key/0/private/full/R1C2</id>
                <link rel="edit" type="application/atom+xml"
                      href="https://spreadsheets.google.com/feeds/cells/key/0/private/full/R1C2/version"/>
                <gs:cell row="1" col="2" inputValue="name"/>
            </entry>
                                            <entry>
                <batch:id>R1C3</batch:id>
                <batch:operation type="update"/>
                <id>https://spreadsheets.google.com/feeds/cells/key/0/private/full/R1C3</id>
                <link rel="edit" type="application/atom+xml"
                      href="https://spreadsheets.google.com/feeds/cells/key/0/private/full/R1C3/version"/>
                <gs:cell row="1" col="3" inputValue="glasses"/>
            </entry>
                                                                <entry>
                <batch:id>R2C1</batch:id>
                <batch:operation type="update"/>
                <id>https://spreadsheets.google.com/feeds/cells/key/0/private/full/R2C1</id>
                <link rel="edit" type="application/atom+xml"
                      href="https://spreadsheets.google.com/feeds/cells/key/0/private/full/R2C1/version"/>
                <gs:cell row="2" col="1" inputValue="0"/>
            </entry>
                                            <entry>
                <batch:id>R2C2</batch:id>
                <batch:operation type="update"/>
                <id>https://spreadsheets.google.com/feeds/cells/key/0/private/full/R2C2</id>
                <link rel="edit" type="application/atom+xml"
                      href="https://spreadsheets.google.com/feeds/cells/key/0/private/full/R2C2/version"/>
                <gs:cell row="2" col="2" inputValue="Miro"/>
            </entry>
                                            <entry>
                <batch:id>R2C3</batch:id>
                <batch:operation type="update"/>
                <id>https://spreadsheets.google.com/feeds/cells/key/0/private/full/R2C3</id>
                <link rel="edit" type="application/atom+xml"
                      href="https://spreadsheets.google.com/feeds/cells/key/0/private/full/R2C3/version"/>
                <gs:cell row="2" col="3" inputValue="1"/>
            </entry>
                                                                <entry>
                <batch:id>R3C1</batch:id>
                <batch:operation type="update"/>
                <id>https://spreadsheets.google.com/feeds/cells/key/0/private/full/R3C1</id>
                <link rel="edit" type="application/atom+xml"
                      href="https://spreadsheets.google.com/feeds/cells/key/0/private/full/R3C1/version"/>
                <gs:cell row="3" col="1" inputValue="1"/>
            </entry>
                                            <entry>
                <batch:id>R3C2</batch:id>
                <batch:operation type="update"/>
                <id>https://spreadsheets.google.com/feeds/cells/key/0/private/full/R3C2</id>
                <link rel="edit" type="application/atom+xml"
                      href="https://spreadsheets.google.com/feeds/cells/key/0/private/full/R3C2/version"/>
                <gs:cell row="3" col="2" inputValue="Tomas K."/>
            </entry>
                                            <entry>
                <batch:id>R3C3</batch:id>
                <batch:operation type="update"/>
                <id>https://spreadsheets.google.com/feeds/cells/key/0/private/full/R3C3</id>
                <link rel="edit" type="application/atom+xml"
                      href="https://spreadsheets.google.com/feeds/cells/key/0/private/full/R3C3/version"/>
                <gs:cell row="3" col="3" inputValue="1"/>
            </entry>
                                                                <entry>
                <batch:id>R4C1</batch:id>
                <batch:operation type="update"/>
                <id>https://spreadsheets.google.com/feeds/cells/key/0/private/full/R4C1</id>
                <link rel="edit" type="application/atom+xml"
                      href="https://spreadsheets.google.com/feeds/cells/key/0/private/full/R4C1/version"/>
                <gs:cell row="4" col="1" inputValue="2"/>
            </entry>
                                            <entry>
                <batch:id>R4C2</batch:id>
                <batch:operation type="update"/>
                <id>https://spreadsheets.google.com/feeds/cells/key/0/private/full/R4C2</id>
                <link rel="edit" type="application/atom+xml"
                      href="https://spreadsheets.google.com/feeds/cells/key/0/private/full/R4C2/version"/>
                <gs:cell row="4" col="2" inputValue="Martin H."/>
            </entry>
                                            <entry>
                <batch:id>R4C3</batch:id>
                <batch:operation type="update"/>
                <id>https://spreadsheets.google.com/feeds/cells/key/0/private/full/R4C3</id>
                <link rel="edit" type="application/atom+xml"
                      href="https://spreadsheets.google.com/feeds/cells/key/0/private/full/R4C3/version"/>
                <gs:cell row="4" col="3" inputValue="1"/>
            </entry>
                                                                <entry>
                <batch:id>R5C1</batch:id>
                <batch:operation type="update"/>
                <id>https://spreadsheets.google.com/feeds/cells/key/0/private/full/R5C1</id>
                <link rel="edit" type="application/atom+xml"
                      href="https://spreadsheets.google.com/feeds/cells/key/0/private/full/R5C1/version"/>
                <gs:cell row="5" col="1" inputValue="3"/>
            </entry>
                                            <entry>
                <batch:id>R5C2</batch:id>
                <batch:operation type="update"/>
                <id>https://spreadsheets.google.com/feeds/cells/key/0/private/full/R5C2</id>
                <link rel="edit" type="application/atom+xml"
                      href="https://spreadsheets.google.com/feeds/cells/key/0/private/full/R5C2/version"/>
                <gs:cell row="5" col="2" inputValue="Marc"/>
            </entry>
                                            <entry>
                <batch:id>R5C3</batch:id>
                <batch:operation type="update"/>
                <id>https://spreadsheets.google.com/feeds/cells/key/0/private/full/R5C3</id>
                <link rel="edit" type="application/atom+xml"
                      href="https://spreadsheets.google.com/feeds/cells/key/0/private/full/R5C3/version"/>
                <gs:cell row="5" col="3" inputValue="0"/>
            </entry>
                                                                <entry>
                <batch:id>R6C1</batch:id>
                <batch:operation type="update"/>
                <id>https://spreadsheets.google.com/feeds/cells/key/0/private/full/R6C1</id>
                <link rel="edit" type="application/atom+xml"
                      href="https://spreadsheets.google.com/feeds/cells/key/0/private/full/R6C1/version"/>
                <gs:cell row="6" col="1" inputValue="4"/>
            </entry>
                                            <entry>
                <batch:id>R6C2</batch:id>
                <batch:operation type="update"/>
                <id>https://spreadsheets.google.com/feeds/cells/key/0/private/full/R6C2</id>
                <link rel="edit" type="application/atom+xml"
                      href="https://spreadsheets.google.com/feeds/cells/key/0/private/full/R6C2/version"/>
                <gs:cell row="6" col="2" inputValue="Erik"/>
            </entry>
                                            <entry>
                <batch:id>R6C3</batch:id>
                <batch:operation type="update"/>
                <id>https://spreadsheets.google.com/feeds/cells/key/0/private/full/R6C3</id>
                <link rel="edit" type="application/atom+xml"
                      href="https://spreadsheets.google.com/feeds/cells/key/0/private/full/R6C3/version"/>
                <gs:cell row="6" col="3" inputValue="0"/>
            </entry>
                                                                <entry>
                <batch:id>R7C1</batch:id>
                <batch:operation type="update"/>
                <id>https://spreadsheets.google.com/feeds/cells/key/0/private/full/R7C1</id>
                <link rel="edit" type="application/atom+xml"
                      href="https://spreadsheets.google.com/feeds/cells/key/0/private/full/R7C1/version"/>
                <gs:cell row="7" col="1" inputValue="5"/>
            </entry>
                                            <entry>
                <batch:id>R7C2</batch:id>
                <batch:operation type="update"/>
                <id>https://spreadsheets.google.com/feeds/cells/key/0/private/full/R7C2</id>
                <link rel="edit" type="application/atom+xml"
                      href="https://spreadsheets.google.com/feeds/cells/key/0/private/full/R7C2/version"/>
                <gs:cell row="7" col="2" inputValue="Jakub"/>
            </entry>
                                            <entry>
                <batch:id>R7C3</batch:id>
                <batch:operation type="update"/>
                <id>https://spreadsheets.google.com/feeds/cells/key/0/private/full/R7C3</id>
                <link rel="edit" type="application/atom+xml"
                      href="https://spreadsheets.google.com/feeds/cells/key/0/private/full/R7C3/version"/>
                <gs:cell row="7" col="3" inputValue="1"/>
            </entry>
                                                                <entry>
                <batch:id>R8C1</batch:id>
                <batch:operation type="update"/>
                <id>https://spreadsheets.google.com/feeds/cells/key/0/private/full/R8C1</id>
                <link rel="edit" type="application/atom+xml"
                      href="https://spreadsheets.google.com/feeds/cells/key/0/private/full/R8C1/version"/>
                <gs:cell row="8" col="1" inputValue="6"/>
            </entry>
                                            <entry>
                <batch:id>R8C2</batch:id>
                <batch:operation type="update"/>
                <id>https://spreadsheets.google.com/feeds/cells/key/0/private/full/R8C2</id>
                <link rel="edit" type="application/atom+xml"
                      href="https://spreadsheets.google.com/feeds/cells/key/0/private/full/R8C2/version"/>
                <gs:cell row="8" col="2" inputValue="Odin"/>
            </entry>
                                            <entry>
                <batch:id>R8C3</batch:id>
                <batch:operation type="update"/>
                <id>https://spreadsheets.google.com/feeds/cells/key/0/private/full/R8C3</id>
                <link rel="edit" type="application/atom+xml"
                      href="https://spreadsheets.google.com/feeds/cells/key/0/private/full/R8C3/version"/>
                <gs:cell row="8" col="3" inputValue="0"/>
            </entry>
            </feed>
